<?xml version="1.0" encoding="UTF-8"?>
<!-- Generated by org.testng.reporters.JUnitReportReporter -->
<testsuite hostname="DESKTOP-RM6BNPB" failures="0" tests="1" name="com.coding.Appium.Base" time="22.557" errors="0" timestamp="2024-06-20T15:52:40 PKT" skipped="0">
  <testcase classname="com.coding.Appium.Base" name="configureAppium" time="22.557"/>
</testsuite> <!-- com.coding.Appium.Base -->
