<?xml version="1.0" encoding="UTF-8"?>
<!-- Generated by org.testng.reporters.JUnitReportReporter -->
<testsuite hostname="DESKTOP-RM6BNPB" failures="0" tests="1" name="com.coding.Appium.SetWifii" time="11.874" errors="0" timestamp="2024-06-20T16:56:03 PKT" skipped="0">
  <testcase classname="com.coding.Appium.SetWifii" name="setwifi" time="11.874"/>
</testsuite> <!-- com.coding.Appium.SetWifii -->
